<?xml version="1.0" encoding="UTF-8"?>
<!-- Generated by org.testng.reporters.JUnitXMLReporter -->
<testsuite ignored="0" hostname="DESKTOP-RE6L4UB" failures="0" tests="3" name="Test" time="31.886" errors="0" timestamp="2021-07-17T11:09:13 SAST">
  <testcase classname="org.malitcode.test.ManagerLoginTest" name="loginManager" time="3.318"/>
  <testcase classname="org.malitcode.test.CustomerLoginTest" name="loginCustomer" time="2.897"/>
  <testcase classname="org.malitcode.test.CustomerWithdrawalTest" name="makeWidrawal" time="3.797"/>
</testsuite> <!-- Test -->
